2019-07-26 15:36:51.488[INFO ][main]-[com.mt.collection.SpringbootCollectionApplication : 675] - No active profile set, falling back to default profiles: default
2019-07-26 15:36:54.399[INFO ][main]-[org.apache.coyote.http11.Http11NioProtocol : 173] - Initializing ProtocolHandler ["http-nio-8082"]
2019-07-26 15:36:54.420[INFO ][main]-[org.apache.catalina.core.StandardService : 173] - Starting service [Tomcat]
2019-07-26 15:36:54.421[INFO ][main]-[org.apache.catalina.core.StandardEngine : 173] - Starting Servlet engine: [Apache Tomcat/9.0.17]
2019-07-26 15:36:54.836[INFO ][main]-[o.a.c.core.ContainerBase.[Tomcat].[localhost].[/] : 173] - Initializing Spring embedded WebApplicationContext
2019-07-26 15:36:54.988[WARN ][main]-[com.netflix.config.sources.URLConfigurationSource : 121] - No URLs will be polled as dynamic configuration sources.
2019-07-26 15:36:54.989[INFO ][main]-[com.netflix.config.sources.URLConfigurationSource : 122] - To enable URLs as dynamic configuration sources, define System property archaius.configurationSource.additionalUrls or make config.properties available on classpath.
2019-07-26 15:36:55.014[INFO ][main]-[com.netflix.config.DynamicPropertyFactory : 281] - DynamicPropertyFactory is initialized with configuration sources: com.netflix.config.ConcurrentCompositeConfiguration@43f9dd56
2019-07-26 15:36:57.256[INFO ][main]-[org.mongodb.driver.cluster : 71] - Cluster created with settings {hosts=[192.168.0.108:27017], mode=SINGLE, requiredClusterType=UNKNOWN, serverSelectionTimeout='30000 ms', maxWaitQueueSize=500}
2019-07-26 15:36:59.303[WARN ][main]-[com.netflix.config.sources.URLConfigurationSource : 121] - No URLs will be polled as dynamic configuration sources.
2019-07-26 15:36:59.304[INFO ][main]-[com.netflix.config.sources.URLConfigurationSource : 122] - To enable URLs as dynamic configuration sources, define System property archaius.configurationSource.additionalUrls or make config.properties available on classpath.
2019-07-26 15:37:01.473[INFO ][main]-[com.netflix.discovery.DiscoveryClient : 349] - Initializing Eureka in region us-east-1
2019-07-26 15:37:01.585[INFO ][main]-[c.n.discovery.provider.DiscoveryJerseyProvider : 70] - Using JSON encoding codec LegacyJacksonJson
2019-07-26 15:37:01.586[INFO ][main]-[c.n.discovery.provider.DiscoveryJerseyProvider : 71] - Using JSON decoding codec LegacyJacksonJson
2019-07-26 15:37:01.775[INFO ][main]-[c.n.discovery.provider.DiscoveryJerseyProvider : 80] - Using XML encoding codec XStreamXml
2019-07-26 15:37:01.777[INFO ][main]-[c.n.discovery.provider.DiscoveryJerseyProvider : 81] - Using XML decoding codec XStreamXml
2019-07-26 15:37:02.164[INFO ][main]-[c.n.d.shared.resolver.aws.ConfigClusterResolver : 43] - Resolving eureka endpoints via configuration
2019-07-26 15:37:02.663[INFO ][main]-[com.netflix.discovery.DiscoveryClient : 958] - Disable delta property : false
2019-07-26 15:37:02.664[INFO ][main]-[com.netflix.discovery.DiscoveryClient : 959] - Single vip registry refresh property : null
2019-07-26 15:37:02.665[INFO ][main]-[com.netflix.discovery.DiscoveryClient : 960] - Force full registry fetch : false
2019-07-26 15:37:02.666[INFO ][main]-[com.netflix.discovery.DiscoveryClient : 961] - Application is null : false
2019-07-26 15:37:02.667[INFO ][main]-[com.netflix.discovery.DiscoveryClient : 962] - Registered Applications size is zero : true
2019-07-26 15:37:02.668[INFO ][main]-[com.netflix.discovery.DiscoveryClient : 964] - Application version is -1: true
2019-07-26 15:37:02.668[INFO ][main]-[com.netflix.discovery.DiscoveryClient : 1047] - Getting all instance registry info from the eureka server
2019-07-26 15:37:02.950[INFO ][main]-[com.netflix.discovery.DiscoveryClient : 1056] - The response status is 200
2019-07-26 15:37:02.956[INFO ][main]-[com.netflix.discovery.DiscoveryClient : 1270] - Starting heartbeat executor: renew interval is: 30
2019-07-26 15:37:02.960[INFO ][main]-[com.netflix.discovery.InstanceInfoReplicator : 60] - InstanceInfoReplicator onDemand update allowed rate per min is 4
2019-07-26 15:37:02.966[INFO ][main]-[com.netflix.discovery.DiscoveryClient : 449] - Discovery Client initialized at timestamp 1564126622964 with initial instances count: 2
2019-07-26 15:37:02.967[INFO ][main]-[com.netflix.discovery.DiscoveryClient : 1305] - Saw local status change event StatusChangeEvent [timestamp=1564126622967, current=UP, previous=STARTING]
2019-07-26 15:37:02.974[INFO ][DiscoveryClient-InstanceInfoReplicator-0]-[com.netflix.discovery.DiscoveryClient : 826] - DiscoveryClient_COLLECTION/DESKTOP-KNP79HU:collection:8082: registering service...
2019-07-26 15:37:03.025[INFO ][main]-[org.apache.coyote.http11.Http11NioProtocol : 173] - Starting ProtocolHandler ["http-nio-8082"]
2019-07-26 15:37:03.048[INFO ][DiscoveryClient-InstanceInfoReplicator-0]-[com.netflix.discovery.DiscoveryClient : 835] - DiscoveryClient_COLLECTION/DESKTOP-KNP79HU:collection:8082 - registration status: 204
2019-07-26 15:37:03.075[INFO ][main]-[com.mt.collection.SpringbootCollectionApplication : 59] - Started SpringbootCollectionApplication in 15.192 seconds (JVM running for 17.422)
2019-07-26 15:37:17.319[INFO ][cluster-ClusterId{value='5d3aad9968919a20a48b6f65', description='null'}-192.168.0.108:27017]-[org.mongodb.driver.cluster : 76] - Exception in monitor thread while connecting to server 192.168.0.108:27017
com.mongodb.MongoSocketOpenException: Exception opening socket
	at com.mongodb.internal.connection.SocketStream.open(SocketStream.java:67)
	at com.mongodb.internal.connection.InternalStreamConnection.open(InternalStreamConnection.java:126)
	at com.mongodb.internal.connection.DefaultServerMonitor$ServerMonitorRunnable.run(DefaultServerMonitor.java:117)
	at java.lang.Thread.run(Unknown Source)
Caused by: java.net.SocketTimeoutException: connect timed out
	at java.net.DualStackPlainSocketImpl.waitForConnect(Native Method)
	at java.net.DualStackPlainSocketImpl.socketConnect(Unknown Source)
	at java.net.AbstractPlainSocketImpl.doConnect(Unknown Source)
	at java.net.AbstractPlainSocketImpl.connectToAddress(Unknown Source)
	at java.net.AbstractPlainSocketImpl.connect(Unknown Source)
	at java.net.PlainSocketImpl.connect(Unknown Source)
	at java.net.SocksSocketImpl.connect(Unknown Source)
	at java.net.Socket.connect(Unknown Source)
	at com.mongodb.internal.connection.SocketStreamHelper.initialize(SocketStreamHelper.java:64)
	at com.mongodb.internal.connection.SocketStream.open(SocketStream.java:62)
	... 3 common frames omitted
2019-07-26 15:41:23.342[WARN ][RMI TCP Connection(2)-127.0.0.1]-[com.netflix.discovery.DiscoveryClient : 1303] - Saw local status change event StatusChangeEvent [timestamp=1564126883342, current=DOWN, previous=UP]
2019-07-26 15:41:23.343[INFO ][DiscoveryClient-InstanceInfoReplicator-0]-[com.netflix.discovery.DiscoveryClient : 826] - DiscoveryClient_COLLECTION/DESKTOP-KNP79HU:collection:8082: registering service...
2019-07-26 15:41:23.364[INFO ][DiscoveryClient-InstanceInfoReplicator-0]-[com.netflix.discovery.DiscoveryClient : 835] - DiscoveryClient_COLLECTION/DESKTOP-KNP79HU:collection:8082 - registration status: 204
2019-07-26 15:41:23.363[INFO ][RMI TCP Connection(2)-127.0.0.1]-[com.netflix.discovery.DiscoveryClient : 888] - Shutting down DiscoveryClient ...
2019-07-26 15:41:52.362[INFO ][main]-[com.mt.collection.SpringbootCollectionApplication : 675] - No active profile set, falling back to default profiles: default
2019-07-26 15:41:54.666[INFO ][main]-[org.apache.coyote.http11.Http11NioProtocol : 173] - Initializing ProtocolHandler ["http-nio-8082"]
2019-07-26 15:41:54.681[INFO ][main]-[org.apache.catalina.core.StandardService : 173] - Starting service [Tomcat]
2019-07-26 15:41:54.681[INFO ][main]-[org.apache.catalina.core.StandardEngine : 173] - Starting Servlet engine: [Apache Tomcat/9.0.17]
2019-07-26 15:41:55.065[INFO ][main]-[o.a.c.core.ContainerBase.[Tomcat].[localhost].[/] : 173] - Initializing Spring embedded WebApplicationContext
2019-07-26 15:41:55.196[WARN ][main]-[com.netflix.config.sources.URLConfigurationSource : 121] - No URLs will be polled as dynamic configuration sources.
2019-07-26 15:41:55.198[INFO ][main]-[com.netflix.config.sources.URLConfigurationSource : 122] - To enable URLs as dynamic configuration sources, define System property archaius.configurationSource.additionalUrls or make config.properties available on classpath.
2019-07-26 15:41:55.219[INFO ][main]-[com.netflix.config.DynamicPropertyFactory : 281] - DynamicPropertyFactory is initialized with configuration sources: com.netflix.config.ConcurrentCompositeConfiguration@26c89563
2019-07-26 15:41:57.165[INFO ][main]-[org.mongodb.driver.cluster : 71] - Cluster created with settings {hosts=[127.0.0.1:27017], mode=SINGLE, requiredClusterType=UNKNOWN, serverSelectionTimeout='30000 ms', maxWaitQueueSize=500}
2019-07-26 15:41:57.271[INFO ][cluster-ClusterId{value='5d3aaec568919a59b40927c1', description='null'}-127.0.0.1:27017]-[org.mongodb.driver.connection : 71] - Opened connection [connectionId{localValue:1, serverValue:6}] to 127.0.0.1:27017
2019-07-26 15:41:57.281[INFO ][cluster-ClusterId{value='5d3aaec568919a59b40927c1', description='null'}-127.0.0.1:27017]-[org.mongodb.driver.cluster : 71] - Monitor thread successfully connected to server with description ServerDescription{address=127.0.0.1:27017, type=STANDALONE, state=CONNECTED, ok=true, version=ServerVersion{versionList=[4, 0, 8]}, minWireVersion=0, maxWireVersion=7, maxDocumentSize=16777216, logicalSessionTimeoutMinutes=30, roundTripTimeNanos=5873260}
2019-07-26 15:41:59.269[WARN ][main]-[com.netflix.config.sources.URLConfigurationSource : 121] - No URLs will be polled as dynamic configuration sources.
2019-07-26 15:41:59.271[INFO ][main]-[com.netflix.config.sources.URLConfigurationSource : 122] - To enable URLs as dynamic configuration sources, define System property archaius.configurationSource.additionalUrls or make config.properties available on classpath.
2019-07-26 15:42:01.454[INFO ][main]-[com.netflix.discovery.DiscoveryClient : 349] - Initializing Eureka in region us-east-1
2019-07-26 15:42:01.552[INFO ][main]-[c.n.discovery.provider.DiscoveryJerseyProvider : 70] - Using JSON encoding codec LegacyJacksonJson
2019-07-26 15:42:01.553[INFO ][main]-[c.n.discovery.provider.DiscoveryJerseyProvider : 71] - Using JSON decoding codec LegacyJacksonJson
2019-07-26 15:42:01.731[INFO ][main]-[c.n.discovery.provider.DiscoveryJerseyProvider : 80] - Using XML encoding codec XStreamXml
2019-07-26 15:42:01.732[INFO ][main]-[c.n.discovery.provider.DiscoveryJerseyProvider : 81] - Using XML decoding codec XStreamXml
2019-07-26 15:42:02.039[INFO ][main]-[c.n.d.shared.resolver.aws.ConfigClusterResolver : 43] - Resolving eureka endpoints via configuration
2019-07-26 15:42:02.513[INFO ][main]-[com.netflix.discovery.DiscoveryClient : 958] - Disable delta property : false
2019-07-26 15:42:02.514[INFO ][main]-[com.netflix.discovery.DiscoveryClient : 959] - Single vip registry refresh property : null
2019-07-26 15:42:02.514[INFO ][main]-[com.netflix.discovery.DiscoveryClient : 960] - Force full registry fetch : false
2019-07-26 15:42:02.515[INFO ][main]-[com.netflix.discovery.DiscoveryClient : 961] - Application is null : false
2019-07-26 15:42:02.515[INFO ][main]-[com.netflix.discovery.DiscoveryClient : 962] - Registered Applications size is zero : true
2019-07-26 15:42:02.516[INFO ][main]-[com.netflix.discovery.DiscoveryClient : 964] - Application version is -1: true
2019-07-26 15:42:02.517[INFO ][main]-[com.netflix.discovery.DiscoveryClient : 1047] - Getting all instance registry info from the eureka server
2019-07-26 15:42:02.778[INFO ][main]-[com.netflix.discovery.DiscoveryClient : 1056] - The response status is 200
2019-07-26 15:42:02.782[INFO ][main]-[com.netflix.discovery.DiscoveryClient : 1270] - Starting heartbeat executor: renew interval is: 30
2019-07-26 15:42:02.786[INFO ][main]-[com.netflix.discovery.InstanceInfoReplicator : 60] - InstanceInfoReplicator onDemand update allowed rate per min is 4
2019-07-26 15:42:02.791[INFO ][main]-[com.netflix.discovery.DiscoveryClient : 449] - Discovery Client initialized at timestamp 1564126922790 with initial instances count: 3
2019-07-26 15:42:02.793[INFO ][main]-[com.netflix.discovery.DiscoveryClient : 1305] - Saw local status change event StatusChangeEvent [timestamp=1564126922793, current=UP, previous=STARTING]
2019-07-26 15:42:02.796[INFO ][DiscoveryClient-InstanceInfoReplicator-0]-[com.netflix.discovery.DiscoveryClient : 826] - DiscoveryClient_COLLECTION/DESKTOP-KNP79HU:collection:8082: registering service...
2019-07-26 15:42:02.842[INFO ][main]-[org.apache.coyote.http11.Http11NioProtocol : 173] - Starting ProtocolHandler ["http-nio-8082"]
2019-07-26 15:42:02.860[INFO ][DiscoveryClient-InstanceInfoReplicator-0]-[com.netflix.discovery.DiscoveryClient : 835] - DiscoveryClient_COLLECTION/DESKTOP-KNP79HU:collection:8082 - registration status: 204
2019-07-26 15:42:02.895[INFO ][main]-[com.mt.collection.SpringbootCollectionApplication : 59] - Started SpringbootCollectionApplication in 14.009 seconds (JVM running for 16.136)
2019-07-26 15:43:03.441[INFO ][http-nio-8082-exec-1]-[o.a.c.core.ContainerBase.[Tomcat].[localhost].[/] : 173] - Initializing Spring DispatcherServlet 'dispatcherServlet'
2019-07-26 15:43:43.279[WARN ][RMI TCP Connection(2)-127.0.0.1]-[com.netflix.discovery.DiscoveryClient : 1303] - Saw local status change event StatusChangeEvent [timestamp=1564127023279, current=DOWN, previous=UP]
2019-07-26 15:43:43.281[INFO ][DiscoveryClient-InstanceInfoReplicator-0]-[com.netflix.discovery.DiscoveryClient : 826] - DiscoveryClient_COLLECTION/DESKTOP-KNP79HU:collection:8082: registering service...
2019-07-26 15:43:43.297[INFO ][DiscoveryClient-InstanceInfoReplicator-0]-[com.netflix.discovery.DiscoveryClient : 835] - DiscoveryClient_COLLECTION/DESKTOP-KNP79HU:collection:8082 - registration status: 204
2019-07-26 15:43:43.299[INFO ][RMI TCP Connection(2)-127.0.0.1]-[com.netflix.discovery.DiscoveryClient : 888] - Shutting down DiscoveryClient ...
